STAR version=STAR_2.6.1a_08-27
STAR compilation time,server,dir=Mon Aug 27 18:20:13 EDT 2018 florence.cshl.edu:/sonas-hs/gingeras/nlsas_norepl/user/dobin/STAR/STAR.master/source
##### DEFAULT parameters:
versionSTAR                       20201
versionGenome                     20101   20200   
parametersFiles                   -   
sysShell                          -
runMode                           alignReads
runThreadN                        1
runDirPerm                        User_RWX
runRNGseed                        777
genomeDir                         ./GenomeDir/
genomeLoad                        NoSharedMemory
genomeFastaFiles                  -   
genomeChainFiles                  -   
genomeSAindexNbases               14
genomeChrBinNbits                 18
genomeSAsparseD                   1
genomeSuffixLengthMax             18446744073709551615
genomeFileSizes                   0   
genomeConsensusFile               -
readFilesType                     Fastx   
readFilesIn                       Read1   Read2   
readFilesPrefix                   -
readFilesCommand                  -   
readMatesLengthsIn                NotEqual
readMapNumber                     18446744073709551615
readNameSeparator                 /   
inputBAMfile                      -
bamRemoveDuplicatesType           -
bamRemoveDuplicatesMate2basesN    0
limitGenomeGenerateRAM            31000000000
limitIObufferSize                 150000000
limitOutSAMoneReadBytes           100000
limitOutSJcollapsed               1000000
limitOutSJoneRead                 1000
limitBAMsortRAM                   0
limitSjdbInsertNsj                1000000
outFileNamePrefix                 ./
outTmpDir                         -
outTmpKeep                        None
outStd                            Log
outReadsUnmapped                  None
outQSconversionAdd                0
outMultimapperOrder               Old_2.4
outSAMtype                        SAM   
outSAMmode                        Full
outSAMstrandField                 None
outSAMattributes                  Standard   
outSAMunmapped                    None   
outSAMorder                       Paired
outSAMprimaryFlag                 OneBestScore
outSAMreadID                      Standard
outSAMmapqUnique                  255
outSAMflagOR                      0
outSAMflagAND                     65535
outSAMattrRGline                  -   
outSAMheaderHD                    -   
outSAMheaderPG                    -   
outSAMheaderCommentFile           -
outBAMcompression                 1
outBAMsortingThreadN              0
outBAMsortingBinsN                50
outSAMfilter                      None   
outSAMmultNmax                    18446744073709551615
outSAMattrIHstart                 1
outSAMtlen                        1
outSJfilterReads                  All
outSJfilterCountUniqueMin         3   1   1   1   
outSJfilterCountTotalMin          3   1   1   1   
outSJfilterOverhangMin            30   12   12   12   
outSJfilterDistToOtherSJmin       10   0   5   10   
outSJfilterIntronMaxVsReadN       50000   100000   200000   
outWigType                        None   
outWigStrand                      Stranded   
outWigReferencesPrefix            -
outWigNorm                        RPM   
outFilterType                     Normal
outFilterMultimapNmax             10
outFilterMultimapScoreRange       1
outFilterScoreMin                 0
outFilterScoreMinOverLread        0.66
outFilterMatchNmin                0
outFilterMatchNminOverLread       0.66
outFilterMismatchNmax             10
outFilterMismatchNoverLmax        0.3
outFilterMismatchNoverReadLmax    1
outFilterIntronMotifs             None
outFilterIntronStrands            RemoveInconsistentStrands
clip5pNbases                      0   
clip3pNbases                      0   
clip3pAfterAdapterNbases          0   
clip3pAdapterSeq                  -   
clip3pAdapterMMp                  0.1   
winBinNbits                       16
winAnchorDistNbins                9
winFlankNbins                     4
winAnchorMultimapNmax             50
winReadCoverageRelativeMin        0.5
winReadCoverageBasesMin           0
scoreGap                          0
scoreGapNoncan                    -8
scoreGapGCAG                      -4
scoreGapATAC                      -8
scoreStitchSJshift                1
scoreGenomicLengthLog2scale       -0.25
scoreDelBase                      -2
scoreDelOpen                      -2
scoreInsOpen                      -2
scoreInsBase                      -2
seedSearchLmax                    0
seedSearchStartLmax               50
seedSearchStartLmaxOverLread      1
seedPerReadNmax                   1000
seedPerWindowNmax                 50
seedNoneLociPerWindow             10
seedMultimapNmax                  10000
seedSplitMin                      12
alignIntronMin                    21
alignIntronMax                    0
alignMatesGapMax                  0
alignTranscriptsPerReadNmax       10000
alignSJoverhangMin                5
alignSJDBoverhangMin              3
alignSJstitchMismatchNmax         0   -1   0   0   
alignSplicedMateMapLmin           0
alignSplicedMateMapLminOverLmate    0.66
alignWindowsPerReadNmax           10000
alignTranscriptsPerWindowNmax     100
alignEndsType                     Local
alignSoftClipAtReferenceEnds      Yes
alignEndsProtrude                 0   ConcordantPair   
alignInsertionFlush               None
peOverlapNbasesMin                0
peOverlapMMp                      0.01
chimSegmentMin                    0
chimScoreMin                      0
chimScoreDropMax                  20
chimScoreSeparation               10
chimScoreJunctionNonGTAG          -1
chimMainSegmentMultNmax           10
chimJunctionOverhangMin           20
chimOutType                       Junctions   
chimFilter                        banGenomicN   
chimSegmentReadGapMax             0
chimMultimapNmax                  0
chimMultimapScoreRange            1
chimNonchimScoreDropMin           20
chimOutJunctionFormat             0   
sjdbFileChrStartEnd               -   
sjdbGTFfile                       -
sjdbGTFchrPrefix                  -
sjdbGTFfeatureExon                exon
sjdbGTFtagExonParentTranscript    transcript_id
sjdbGTFtagExonParentGene          gene_id
sjdbOverhang                      100
sjdbScore                         2
sjdbInsertSave                    Basic
varVCFfile                        -
waspOutputMode                    None
quantMode                         -   
quantTranscriptomeBAMcompression    1
quantTranscriptomeBan             IndelSoftclipSingleend
twopass1readsN                    18446744073709551615
twopassMode                       None
##### Command Line:
STAR --runMode genomeGenerate --runThreadN 11 --genomeDir /home/ghovhannisyan/users/tg/hhovhannisyan/crossmaping_tool/master_script/test_CALB_CDUBL_RNA/STAR_index --genomeFastaFiles /home/ghovhannisyan/users/tg/hhovhannisyan/crossmaping_tool/master_script/test_CALB_CDUBL_RNA/concat.fasta --genomeSAindexNbases 11
##### Initial USER parameters from Command Line:
###### All USER parameters from Command Line:
runMode                       genomeGenerate     ~RE-DEFINED
runThreadN                    11     ~RE-DEFINED
genomeDir                     /home/ghovhannisyan/users/tg/hhovhannisyan/crossmaping_tool/master_script/test_CALB_CDUBL_RNA/STAR_index     ~RE-DEFINED
genomeFastaFiles              /home/ghovhannisyan/users/tg/hhovhannisyan/crossmaping_tool/master_script/test_CALB_CDUBL_RNA/concat.fasta        ~RE-DEFINED
genomeSAindexNbases           11     ~RE-DEFINED
##### Finished reading parameters from all sources

##### Final user re-defined parameters-----------------:
runMode                           genomeGenerate
runThreadN                        11
genomeDir                         /home/ghovhannisyan/users/tg/hhovhannisyan/crossmaping_tool/master_script/test_CALB_CDUBL_RNA/STAR_index
genomeFastaFiles                  /home/ghovhannisyan/users/tg/hhovhannisyan/crossmaping_tool/master_script/test_CALB_CDUBL_RNA/concat.fasta   
genomeSAindexNbases               11

-------------------------------
##### Final effective command line:
STAR   --runMode genomeGenerate   --runThreadN 11   --genomeDir /home/ghovhannisyan/users/tg/hhovhannisyan/crossmaping_tool/master_script/test_CALB_CDUBL_RNA/STAR_index   --genomeFastaFiles /home/ghovhannisyan/users/tg/hhovhannisyan/crossmaping_tool/master_script/test_CALB_CDUBL_RNA/concat.fasta      --genomeSAindexNbases 11

##### Final parameters after user input--------------------------------:
versionSTAR                       20201
versionGenome                     20101   20200   
parametersFiles                   -   
sysShell                          -
runMode                           genomeGenerate
runThreadN                        11
runDirPerm                        User_RWX
runRNGseed                        777
genomeDir                         /home/ghovhannisyan/users/tg/hhovhannisyan/crossmaping_tool/master_script/test_CALB_CDUBL_RNA/STAR_index
genomeLoad                        NoSharedMemory
genomeFastaFiles                  /home/ghovhannisyan/users/tg/hhovhannisyan/crossmaping_tool/master_script/test_CALB_CDUBL_RNA/concat.fasta   
genomeChainFiles                  -   
genomeSAindexNbases               11
genomeChrBinNbits                 18
genomeSAsparseD                   1
genomeSuffixLengthMax             18446744073709551615
genomeFileSizes                   0   
genomeConsensusFile               -
readFilesType                     Fastx   
readFilesIn                       Read1   Read2   
readFilesPrefix                   -
readFilesCommand                  -   
readMatesLengthsIn                NotEqual
readMapNumber                     18446744073709551615
readNameSeparator                 /   
inputBAMfile                      -
bamRemoveDuplicatesType           -
bamRemoveDuplicatesMate2basesN    0
limitGenomeGenerateRAM            31000000000
limitIObufferSize                 150000000
limitOutSAMoneReadBytes           100000
limitOutSJcollapsed               1000000
limitOutSJoneRead                 1000
limitBAMsortRAM                   0
limitSjdbInsertNsj                1000000
outFileNamePrefix                 ./
outTmpDir                         -
outTmpKeep                        None
outStd                            Log
outReadsUnmapped                  None
outQSconversionAdd                0
outMultimapperOrder               Old_2.4
outSAMtype                        SAM   
outSAMmode                        Full
outSAMstrandField                 None
outSAMattributes                  Standard   
outSAMunmapped                    None   
outSAMorder                       Paired
outSAMprimaryFlag                 OneBestScore
outSAMreadID                      Standard
outSAMmapqUnique                  255
outSAMflagOR                      0
outSAMflagAND                     65535
outSAMattrRGline                  -   
outSAMheaderHD                    -   
outSAMheaderPG                    -   
outSAMheaderCommentFile           -
outBAMcompression                 1
outBAMsortingThreadN              0
outBAMsortingBinsN                50
outSAMfilter                      None   
outSAMmultNmax                    18446744073709551615
outSAMattrIHstart                 1
outSAMtlen                        1
outSJfilterReads                  All
outSJfilterCountUniqueMin         3   1   1   1   
outSJfilterCountTotalMin          3   1   1   1   
outSJfilterOverhangMin            30   12   12   12   
outSJfilterDistToOtherSJmin       10   0   5   10   
outSJfilterIntronMaxVsReadN       50000   100000   200000   
outWigType                        None   
outWigStrand                      Stranded   
outWigReferencesPrefix            -
outWigNorm                        RPM   
outFilterType                     Normal
outFilterMultimapNmax             10
outFilterMultimapScoreRange       1
outFilterScoreMin                 0
outFilterScoreMinOverLread        0.66
outFilterMatchNmin                0
outFilterMatchNminOverLread       0.66
outFilterMismatchNmax             10
outFilterMismatchNoverLmax        0.3
outFilterMismatchNoverReadLmax    1
outFilterIntronMotifs             None
outFilterIntronStrands            RemoveInconsistentStrands
clip5pNbases                      0   
clip3pNbases                      0   
clip3pAfterAdapterNbases          0   
clip3pAdapterSeq                  -   
clip3pAdapterMMp                  0.1   
winBinNbits                       16
winAnchorDistNbins                9
winFlankNbins                     4
winAnchorMultimapNmax             50
winReadCoverageRelativeMin        0.5
winReadCoverageBasesMin           0
scoreGap                          0
scoreGapNoncan                    -8
scoreGapGCAG                      -4
scoreGapATAC                      -8
scoreStitchSJshift                1
scoreGenomicLengthLog2scale       -0.25
scoreDelBase                      -2
scoreDelOpen                      -2
scoreInsOpen                      -2
scoreInsBase                      -2
seedSearchLmax                    0
seedSearchStartLmax               50
seedSearchStartLmaxOverLread      1
seedPerReadNmax                   1000
seedPerWindowNmax                 50
seedNoneLociPerWindow             10
seedMultimapNmax                  10000
seedSplitMin                      12
alignIntronMin                    21
alignIntronMax                    0
alignMatesGapMax                  0
alignTranscriptsPerReadNmax       10000
alignSJoverhangMin                5
alignSJDBoverhangMin              3
alignSJstitchMismatchNmax         0   -1   0   0   
alignSplicedMateMapLmin           0
alignSplicedMateMapLminOverLmate    0.66
alignWindowsPerReadNmax           10000
alignTranscriptsPerWindowNmax     100
alignEndsType                     Local
alignSoftClipAtReferenceEnds      Yes
alignEndsProtrude                 0   ConcordantPair   
alignInsertionFlush               None
peOverlapNbasesMin                0
peOverlapMMp                      0.01
chimSegmentMin                    0
chimScoreMin                      0
chimScoreDropMax                  20
chimScoreSeparation               10
chimScoreJunctionNonGTAG          -1
chimMainSegmentMultNmax           10
chimJunctionOverhangMin           20
chimOutType                       Junctions   
chimFilter                        banGenomicN   
chimSegmentReadGapMax             0
chimMultimapNmax                  0
chimMultimapScoreRange            1
chimNonchimScoreDropMin           20
chimOutJunctionFormat             0   
sjdbFileChrStartEnd               -   
sjdbGTFfile                       -
sjdbGTFchrPrefix                  -
sjdbGTFfeatureExon                exon
sjdbGTFtagExonParentTranscript    transcript_id
sjdbGTFtagExonParentGene          gene_id
sjdbOverhang                      100
sjdbScore                         2
sjdbInsertSave                    Basic
varVCFfile                        -
waspOutputMode                    None
quantMode                         -   
quantTranscriptomeBAMcompression    1
quantTranscriptomeBan             IndelSoftclipSingleend
twopass1readsN                    18446744073709551615
twopassMode                       None
----------------------------------------

Finished loading and checking parameters
Nov 23 14:20:08 ... starting to generate Genome files
/home/ghovhannisyan/users/tg/hhovhannisyan/crossmaping_tool/master_script/test_CALB_CDUBL_RNA/concat.fasta : chr # 0  "Ca22chr1A_C_albicans_SC5314" chrStart: 0
/home/ghovhannisyan/users/tg/hhovhannisyan/crossmaping_tool/master_script/test_CALB_CDUBL_RNA/concat.fasta : chr # 1  "Ca22chr2A_C_albicans_SC5314" chrStart: 3407872
/home/ghovhannisyan/users/tg/hhovhannisyan/crossmaping_tool/master_script/test_CALB_CDUBL_RNA/concat.fasta : chr # 2  "Ca22chr3A_C_albicans_SC5314" chrStart: 5767168
/home/ghovhannisyan/users/tg/hhovhannisyan/crossmaping_tool/master_script/test_CALB_CDUBL_RNA/concat.fasta : chr # 3  "Ca22chr4A_C_albicans_SC5314" chrStart: 7602176
/home/ghovhannisyan/users/tg/hhovhannisyan/crossmaping_tool/master_script/test_CALB_CDUBL_RNA/concat.fasta : chr # 4  "Ca22chr5A_C_albicans_SC5314" chrStart: 9437184
/home/ghovhannisyan/users/tg/hhovhannisyan/crossmaping_tool/master_script/test_CALB_CDUBL_RNA/concat.fasta : chr # 5  "Ca22chr6A_C_albicans_SC5314" chrStart: 10747904
/home/ghovhannisyan/users/tg/hhovhannisyan/crossmaping_tool/master_script/test_CALB_CDUBL_RNA/concat.fasta : chr # 6  "Ca22chr7A_C_albicans_SC5314" chrStart: 11796480
/home/ghovhannisyan/users/tg/hhovhannisyan/crossmaping_tool/master_script/test_CALB_CDUBL_RNA/concat.fasta : chr # 7  "Ca22chrM_C_albicans_SC5314" chrStart: 12845056
/home/ghovhannisyan/users/tg/hhovhannisyan/crossmaping_tool/master_script/test_CALB_CDUBL_RNA/concat.fasta : chr # 8  "Ca22chrRA_C_albicans_SC5314" chrStart: 13107200
/home/ghovhannisyan/users/tg/hhovhannisyan/crossmaping_tool/master_script/test_CALB_CDUBL_RNA/concat.fasta : chr # 9  "Chr1_C_dubliniensis_CD36" chrStart: 15466496
/home/ghovhannisyan/users/tg/hhovhannisyan/crossmaping_tool/master_script/test_CALB_CDUBL_RNA/concat.fasta : chr # 10  "Chr2_C_dubliniensis_CD36" chrStart: 18874368
/home/ghovhannisyan/users/tg/hhovhannisyan/crossmaping_tool/master_script/test_CALB_CDUBL_RNA/concat.fasta : chr # 11  "Chr3_C_dubliniensis_CD36" chrStart: 21233664
/home/ghovhannisyan/users/tg/hhovhannisyan/crossmaping_tool/master_script/test_CALB_CDUBL_RNA/concat.fasta : chr # 12  "Chr4_C_dubliniensis_CD36" chrStart: 23330816
/home/ghovhannisyan/users/tg/hhovhannisyan/crossmaping_tool/master_script/test_CALB_CDUBL_RNA/concat.fasta : chr # 13  "Chr5_C_dubliniensis_CD36" chrStart: 25165824
/home/ghovhannisyan/users/tg/hhovhannisyan/crossmaping_tool/master_script/test_CALB_CDUBL_RNA/concat.fasta : chr # 14  "Chr6_C_dubliniensis_CD36" chrStart: 26476544
/home/ghovhannisyan/users/tg/hhovhannisyan/crossmaping_tool/master_script/test_CALB_CDUBL_RNA/concat.fasta : chr # 15  "Chr7_C_dubliniensis_CD36" chrStart: 27787264
/home/ghovhannisyan/users/tg/hhovhannisyan/crossmaping_tool/master_script/test_CALB_CDUBL_RNA/concat.fasta : chr # 16  "ChrR_C_dubliniensis_CD36" chrStart: 28835840
Estimated genome size=232195136   31195136   201000000
GstrandBit=32
Number of SA indices: 57866624
Nov 23 14:20:09 ... starting to sort Suffix Array. This may take a long time...
Number of chunks: 11;   chunks size limit: 46293296 bytes
Nov 23 14:20:09 ... sorting Suffix Array chunks and saving them to disk...
Writing 8843680 bytes into /home/ghovhannisyan/users/tg/hhovhannisyan/crossmaping_tool/master_script/test_CALB_CDUBL_RNA/STAR_index/SA_10 ; empty space on disk = 13628306234880 bytes ... done
Writing 46199344 bytes into /home/ghovhannisyan/users/tg/hhovhannisyan/crossmaping_tool/master_script/test_CALB_CDUBL_RNA/STAR_index/SA_3 ; empty space on disk = 13628296921600 bytes ... done
Writing 45481936 bytes into /home/ghovhannisyan/users/tg/hhovhannisyan/crossmaping_tool/master_script/test_CALB_CDUBL_RNA/STAR_index/SA_0 ; empty space on disk = 13628252792320 bytes ...Writing 45573584 bytes into /home/ghovhannisyan/users/tg/hhovhannisyan/crossmaping_tool/master_script/test_CALB_CDUBL_RNA/STAR_index/SA_1 ; empty space on disk = 13628251225600 bytes ... done
 done
Writing 44858488 bytes into /home/ghovhannisyan/users/tg/hhovhannisyan/crossmaping_tool/master_script/test_CALB_CDUBL_RNA/STAR_index/SA_2 ; empty space on disk = 13628200916480 bytes ... done
Writing 43501896 bytes into /home/ghovhannisyan/users/tg/hhovhannisyan/crossmaping_tool/master_script/test_CALB_CDUBL_RNA/STAR_index/SA_6 ; empty space on disk = 13628190428160 bytes ...Writing 45014048 bytes into /home/ghovhannisyan/users/tg/hhovhannisyan/crossmaping_tool/master_script/test_CALB_CDUBL_RNA/STAR_index/SA_5 ; empty space on disk = 13628121144320 bytes ...Writing 46114992 bytes into /home/ghovhannisyan/users/tg/hhovhannisyan/crossmaping_tool/master_script/test_CALB_CDUBL_RNA/STAR_index/SA_7 ; empty space on disk = 13628121144320 bytes ...Writing 45958776 bytes into /home/ghovhannisyan/users/tg/hhovhannisyan/crossmaping_tool/master_script/test_CALB_CDUBL_RNA/STAR_index/SA_4 ; empty space on disk = 13628121144320 bytes ...Writing 45595000 bytes into /home/ghovhannisyan/users/tg/hhovhannisyan/crossmaping_tool/master_script/test_CALB_CDUBL_RNA/STAR_index/SA_8 ; empty space on disk = 13628121144320 bytes ...Writing 45791248 bytes into /home/ghovhannisyan/users/tg/hhovhannisyan/crossmaping_tool/master_script/test_CALB_CDUBL_RNA/STAR_index/SA_9 ; empty space on disk = 13628121144320 bytes ... done
 done
 done
 done
 done
 done
Nov 23 14:20:16 ... loading chunks from disk, packing SA...
Nov 23 14:20:22 ... finished generating suffix array
Nov 23 14:20:22 ... generating Suffix Array index
Nov 23 14:20:24 ... completed Suffix Array index
Nov 23 14:20:24 ... writing Genome to disk ...
Writing 31195136 bytes into /home/ghovhannisyan/users/tg/hhovhannisyan/crossmaping_tool/master_script/test_CALB_CDUBL_RNA/STAR_index/Genome ; empty space on disk = 13628296007680 bytes ... done
SA size in bytes: 238699827
Nov 23 14:20:24 ... writing Suffix Array to disk ...
Writing 238699827 bytes into /home/ghovhannisyan/users/tg/hhovhannisyan/crossmaping_tool/master_script/test_CALB_CDUBL_RNA/STAR_index/SA ; empty space on disk = 13628266065920 bytes ... done
Nov 23 14:20:26 ... writing SAindex to disk
Writing 8 bytes into /home/ghovhannisyan/users/tg/hhovhannisyan/crossmaping_tool/master_script/test_CALB_CDUBL_RNA/STAR_index/SAindex ; empty space on disk = 13628028185600 bytes ... done
Writing 96 bytes into /home/ghovhannisyan/users/tg/hhovhannisyan/crossmaping_tool/master_script/test_CALB_CDUBL_RNA/STAR_index/SAindex ; empty space on disk = 13628028185600 bytes ... done
Writing 24466771 bytes into /home/ghovhannisyan/users/tg/hhovhannisyan/crossmaping_tool/master_script/test_CALB_CDUBL_RNA/STAR_index/SAindex ; empty space on disk = 13628028185600 bytes ... done
Nov 23 14:20:26 ..... finished successfully
DONE: Genome generation, EXITING
